<?xml version="1.0" encoding="UTF-8"?>
<!-- Generated by org.testng.reporters.JUnitReportReporter -->
<testsuite hostname="DESKTOP-7BV4KPI" failures="0" tests="3" name="com.qa.petClinic.tests.PetEndpointApiTests" time="0.125" errors="0" timestamp="2024-10-13T21:29:33 CEST" skipped="0">
  <testcase classname="com.qa.petClinic.tests.PetEndpointApiTests" name="getPetNameByIdFromApi" time="0.051"/>
  <system-out/>
  <testcase classname="com.qa.petClinic.tests.PetEndpointApiTests" name="petsApiStatusCheck" time="0.042"/>
  <system-out/>
  <testcase classname="com.qa.petClinic.tests.PetEndpointApiTests" name="updatePetNameByIdFromApi" time="0.032"/>
  <system-out/>
</testsuite> <!-- com.qa.petClinic.tests.PetEndpointApiTests -->
