<?xml version="1.0" encoding="UTF-8"?>
<!-- Generated by org.testng.reporters.JUnitReportReporter -->
<testsuite hostname="DESKTOP-7BV4KPI" failures="0" tests="3" name="com.qa.petClinic.tests.HomePageTests" time="9.361" errors="0" timestamp="2024-10-13T21:29:33 CEST" skipped="0">
  <testcase classname="com.qa.petClinic.tests.HomePageTests" name="checkNavigateToOwnersPage" time="3.282"/>
  <system-out/>
  <testcase classname="com.qa.petClinic.tests.HomePageTests" name="homePageTitleCheck" time="3.162"/>
  <system-out/>
  <testcase classname="com.qa.petClinic.tests.HomePageTests" name="homePageUrlCheck" time="2.917"/>
  <system-out/>
</testsuite> <!-- com.qa.petClinic.tests.HomePageTests -->
