<?xml version="1.0" encoding="UTF-8"?>
<!-- Generated by org.testng.reporters.JUnitReportReporter -->
<testsuite hostname="DESKTOP-7BV4KPI" failures="0" tests="1" name="com.qa.petClinic.tests.PetTypesApiTests" time="0.124" errors="0" timestamp="2024-10-12T12:57:28 CEST" skipped="0">
  <testcase classname="com.qa.petClinic.tests.PetTypesApiTests" name="petTypesApiStatusCheck" time="0.124"/>
</testsuite> <!-- com.qa.petClinic.tests.PetTypesApiTests -->
