<?xml version="1.0" encoding="UTF-8"?>
<!-- Generated by org.testng.reporters.JUnitReportReporter -->
<testsuite hostname="DESKTOP-7BV4KPI" failures="0" tests="2" name="com.qa.petClinic.tests.OwnersEndpointApiWithUITests" time="0.704" errors="0" timestamp="2024-10-13T21:29:33 CEST" skipped="0">
  <testcase classname="com.qa.petClinic.tests.OwnersEndpointApiWithUITests" name="createOwnerFromUiAndDeleteOwnerByIdFromApi" time="0.648"/>
  <system-out/>
  <testcase classname="com.qa.petClinic.tests.OwnersEndpointApiWithUITests" name="ownersApiStatusCheck" time="0.056"/>
  <system-out/>
</testsuite> <!-- com.qa.petClinic.tests.OwnersEndpointApiWithUITests -->
