<?xml version="1.0" encoding="UTF-8"?>
<!-- Generated by org.testng.reporters.JUnitReportReporter -->
<testsuite hostname="DESKTOP-7BV4KPI" failures="0" tests="1" name="com.qa.petClinic.tests.OwnersEndpointApiTests" time="1.586" errors="0" timestamp="2024-10-13T16:46:33 CEST" skipped="0">
  <testcase classname="com.qa.petClinic.tests.OwnersEndpointApiTests" name="deleteOwnerById" time="1.586"/>
</testsuite> <!-- com.qa.petClinic.tests.OwnersEndpointApiTests -->
