<?xml version="1.0" encoding="UTF-8"?>
<!-- Generated by org.testng.reporters.JUnitReportReporter -->
<testsuite hostname="DESKTOP-7BV4KPI" failures="0" tests="2" name="com.qa.petClinic.tests.OwnersPageTests" time="10.826" errors="0" timestamp="2024-10-13T21:29:33 CEST" skipped="0">
  <testcase classname="com.qa.petClinic.tests.OwnersPageTests" name="addNewOwnerFromUi" time="7.084"/>
  <system-out/>
  <testcase classname="com.qa.petClinic.tests.OwnersPageTests" name="invalidNameAdditionThrowsErrorFromUi" time="3.742"/>
  <system-out/>
</testsuite> <!-- com.qa.petClinic.tests.OwnersPageTests -->
