<?xml version="1.0" encoding="UTF-8"?>
<!-- Generated by org.testng.reporters.JUnitReportReporter -->
<testsuite hostname="DESKTOP-7BV4KPI" failures="0" tests="1" name="com.qa.petClinic.tests.PetTypesEndpointApiTests" time="0.041" errors="0" timestamp="2024-10-13T21:29:33 CEST" skipped="0">
  <testcase classname="com.qa.petClinic.tests.PetTypesEndpointApiTests" name="petTypesApiStatusCheck" time="0.041"/>
  <system-out/>
</testsuite> <!-- com.qa.petClinic.tests.PetTypesEndpointApiTests -->
